<?xml version="1.0" encoding="UTF-8"?>
<!-- Generated by org.testng.reporters.JUnitReportReporter -->
<testsuite skipped="0" hostname="LAPTOP-73NV2MJQ" name="com.qa.TestCases.HomePageTest" tests="2" failures="0" timestamp="2020-02-19T16:43:20 IST" time="61.292" errors="0">
  <testcase name="ClickOnContactsTest" time="29.865" classname="com.qa.TestCases.HomePageTest"/>
  <system-out/>
  <testcase name="ClickOnDealsTest" time="31.427" classname="com.qa.TestCases.HomePageTest"/>
  <system-out/>
</testsuite> <!-- com.qa.TestCases.HomePageTest -->
