<?xml version="1.0" encoding="UTF-8"?>
<!-- Generated by org.testng.reporters.JUnitReportReporter -->
<testsuite skipped="0" hostname="LAPTOP-73NV2MJQ" name="com.qa.TestCases.NewContactPageTest" tests="1" failures="0" timestamp="2020-02-23T13:16:51 IST" time="27.693" errors="0">
  <testcase name="createcontact" time="27.693" classname="com.qa.TestCases.NewContactPageTest"/>
</testsuite> <!-- com.qa.TestCases.NewContactPageTest -->
