<?xml version="1.0" encoding="UTF-8"?>
<!-- Generated by org.testng.reporters.JUnitReportReporter -->
<testsuite skipped="0" hostname="LAPTOP-73NV2MJQ" name="com.qa.TestCases.LoginPageTest" tests="2" failures="0" timestamp="2020-02-19T16:39:23 IST" time="39.060" errors="0">
  <testcase name="loginTest" time="19.799" classname="com.qa.TestCases.LoginPageTest"/>
  <system-out/>
  <testcase name="TitleTest" time="19.261" classname="com.qa.TestCases.LoginPageTest"/>
  <system-out/>
</testsuite> <!-- com.qa.TestCases.LoginPageTest -->
