<?xml version="1.0" encoding="UTF-8"?>
<!-- Generated by org.testng.reporters.JUnitReportReporter -->
<testsuite skipped="0" hostname="LAPTOP-73NV2MJQ" name="com.qa.TestCases.LoginPageTest" tests="2" failures="0" timestamp="2020-02-23T13:10:02 IST" time="42.782" errors="0">
  <testcase name="loginTest" time="22.699" classname="com.qa.TestCases.LoginPageTest"/>
  <testcase name="TitleTest" time="20.083" classname="com.qa.TestCases.LoginPageTest"/>
</testsuite> <!-- com.qa.TestCases.LoginPageTest -->
