<?xml version="1.0" encoding="UTF-8"?>
<!-- Generated by org.testng.reporters.JUnitReportReporter -->
<testsuite skipped="0" hostname="LAPTOP-73NV2MJQ" name="com.qa.TestCases.HomePageTest" tests="2" failures="0" timestamp="2020-02-23T13:15:19 IST" time="46.208" errors="0">
  <testcase name="ClickOnContactsTest" time="23.013" classname="com.qa.TestCases.HomePageTest"/>
  <testcase name="ClickOnDealsTest" time="23.195" classname="com.qa.TestCases.HomePageTest"/>
</testsuite> <!-- com.qa.TestCases.HomePageTest -->
